2025-08-06T15:45:39+00:00 CRITICAL Uncaught TypeError: ftp_nlist(): Argument #1 ($ftp) must be of type FTP\Connection, null given in /opt/lampp/htdocs/wordpress/wp-admin/includes/class-wp-filesystem-ftpext.php:438
Stack trace:
#0 /opt/lampp/htdocs/wordpress/wp-admin/includes/class-wp-filesystem-ftpext.php(438): ftp_nlist(NULL, '/opt/lampp/htdo...')
#1 /opt/lampp/htdocs/wordpress/wp-content/plugins/user-registration/includes/functions-ur-core.php(3495): WP_Filesystem_FTPext->exists('/opt/lampp/htdo...')
#2 /opt/lampp/htdocs/wordpress/wp-content/plugins/user-registration/includes/admin/views/html-admin-settings.php(61): ur_file_get_contents('/assets/images/...')
#3 /opt/lampp/htdocs/wordpress/wp-content/plugins/user-registration/includes/admin/class-ur-admin-settings.php(320): include('/opt/lampp/htdo...')
#4 /opt/lampp/htdocs/wordpress/wp-content/plugins/user-registration/includes/admin/class-ur-admin-menus.php(765): UR_Admin_Settings::output()
#5 /opt/lampp/htdocs/wordpress/wp-includes/class-wp-hook.php(324): UR_Admin_Menus->settings_page('')
#6 /opt/lampp/htdocs/wordpress/wp-includes/class-wp-hook.php(348): WP_Hook->apply_filters('', Array)
#7 /opt/lampp/htdocs/wordpress/wp-includes/plugin.php(517): WP_Hook->do_action(Array)
#8 /opt/lampp/htdocs/wordpress/wp-admin/admin.php(260): do_action('user-registrati...')
#9 {main}
  thrown in /opt/lampp/htdocs/wordpress/wp-admin/includes/class-wp-filesystem-ftpext.php on line 438

2025-08-06T15:45:39+00:00 CRITICAL Uncaught TypeError: ftp_nlist(): Argument #1 ($ftp) must be of type FTP\Connection, null given in /opt/lampp/htdocs/wordpress/wp-admin/includes/class-wp-filesystem-ftpext.php:438
Stack trace:
#0 /opt/lampp/htdocs/wordpress/wp-admin/includes/class-wp-filesystem-ftpext.php(438): ftp_nlist(NULL, '/opt/lampp/htdo...')
#1 /opt/lampp/htdocs/wordpress/wp-content/plugins/user-registration/includes/functions-ur-core.php(3495): WP_Filesystem_FTPext->exists('/opt/lampp/htdo...')
#2 /opt/lampp/htdocs/wordpress/wp-content/plugins/user-registration/includes/admin/views/html-admin-settings.php(61): ur_file_get_contents('/assets/images/...')
#3 /opt/lampp/htdocs/wordpress/wp-content/plugins/user-registration/includes/admin/class-ur-admin-settings.php(320): include('/opt/lampp/htdo...')
#4 /opt/lampp/htdocs/wordpress/wp-content/plugins/user-registration/includes/admin/class-ur-admin-menus.php(765): UR_Admin_Settings::output()
#5 /opt/lampp/htdocs/wordpress/wp-includes/class-wp-hook.php(324): UR_Admin_Menus->settings_page('')
#6 /opt/lampp/htdocs/wordpress/wp-includes/class-wp-hook.php(348): WP_Hook->apply_filters('', Array)
#7 /opt/lampp/htdocs/wordpress/wp-includes/plugin.php(517): WP_Hook->do_action(Array)
#8 /opt/lampp/htdocs/wordpress/wp-admin/admin.php(260): do_action('user-registrati...')
#9 {main}
  thrown in /opt/lampp/htdocs/wordpress/wp-admin/includes/class-wp-filesystem-ftpext.php on line 438

2025-08-06T15:55:31+00:00 CRITICAL Uncaught TypeError: ftp_nlist(): Argument #1 ($ftp) must be of type FTP\Connection, null given in /opt/lampp/htdocs/wordpress/wp-admin/includes/class-wp-filesystem-ftpext.php:438
Stack trace:
#0 /opt/lampp/htdocs/wordpress/wp-admin/includes/class-wp-filesystem-ftpext.php(438): ftp_nlist(NULL, '/opt/lampp/htdo...')
#1 /opt/lampp/htdocs/wordpress/wp-content/plugins/user-registration/includes/functions-ur-core.php(3495): WP_Filesystem_FTPext->exists('/opt/lampp/htdo...')
#2 /opt/lampp/htdocs/wordpress/wp-content/plugins/user-registration/includes/admin/views/html-admin-settings.php(61): ur_file_get_contents('/assets/images/...')
#3 /opt/lampp/htdocs/wordpress/wp-content/plugins/user-registration/includes/admin/class-ur-admin-settings.php(320): include('/opt/lampp/htdo...')
#4 /opt/lampp/htdocs/wordpress/wp-content/plugins/user-registration/includes/admin/class-ur-admin-menus.php(765): UR_Admin_Settings::output()
#5 /opt/lampp/htdocs/wordpress/wp-includes/class-wp-hook.php(324): UR_Admin_Menus->settings_page('')
#6 /opt/lampp/htdocs/wordpress/wp-includes/class-wp-hook.php(348): WP_Hook->apply_filters('', Array)
#7 /opt/lampp/htdocs/wordpress/wp-includes/plugin.php(517): WP_Hook->do_action(Array)
#8 /opt/lampp/htdocs/wordpress/wp-admin/admin.php(260): do_action('user-registrati...')
#9 {main}
  thrown in /opt/lampp/htdocs/wordpress/wp-admin/includes/class-wp-filesystem-ftpext.php on line 438

2025-08-06T15:55:31+00:00 CRITICAL Uncaught TypeError: ftp_nlist(): Argument #1 ($ftp) must be of type FTP\Connection, null given in /opt/lampp/htdocs/wordpress/wp-admin/includes/class-wp-filesystem-ftpext.php:438
Stack trace:
#0 /opt/lampp/htdocs/wordpress/wp-admin/includes/class-wp-filesystem-ftpext.php(438): ftp_nlist(NULL, '/opt/lampp/htdo...')
#1 /opt/lampp/htdocs/wordpress/wp-content/plugins/user-registration/includes/functions-ur-core.php(3495): WP_Filesystem_FTPext->exists('/opt/lampp/htdo...')
#2 /opt/lampp/htdocs/wordpress/wp-content/plugins/user-registration/includes/admin/views/html-admin-settings.php(61): ur_file_get_contents('/assets/images/...')
#3 /opt/lampp/htdocs/wordpress/wp-content/plugins/user-registration/includes/admin/class-ur-admin-settings.php(320): include('/opt/lampp/htdo...')
#4 /opt/lampp/htdocs/wordpress/wp-content/plugins/user-registration/includes/admin/class-ur-admin-menus.php(765): UR_Admin_Settings::output()
#5 /opt/lampp/htdocs/wordpress/wp-includes/class-wp-hook.php(324): UR_Admin_Menus->settings_page('')
#6 /opt/lampp/htdocs/wordpress/wp-includes/class-wp-hook.php(348): WP_Hook->apply_filters('', Array)
#7 /opt/lampp/htdocs/wordpress/wp-includes/plugin.php(517): WP_Hook->do_action(Array)
#8 /opt/lampp/htdocs/wordpress/wp-admin/admin.php(260): do_action('user-registrati...')
#9 {main}
  thrown in /opt/lampp/htdocs/wordpress/wp-admin/includes/class-wp-filesystem-ftpext.php on line 438

2025-08-06T15:55:32+00:00 CRITICAL Uncaught TypeError: ftp_nlist(): Argument #1 ($ftp) must be of type FTP\Connection, null given in /opt/lampp/htdocs/wordpress/wp-admin/includes/class-wp-filesystem-ftpext.php:438
Stack trace:
#0 /opt/lampp/htdocs/wordpress/wp-admin/includes/class-wp-filesystem-ftpext.php(438): ftp_nlist(NULL, '/opt/lampp/htdo...')
#1 /opt/lampp/htdocs/wordpress/wp-content/plugins/user-registration/includes/functions-ur-core.php(3495): WP_Filesystem_FTPext->exists('/opt/lampp/htdo...')
#2 /opt/lampp/htdocs/wordpress/wp-content/plugins/user-registration/includes/admin/views/html-admin-settings.php(61): ur_file_get_contents('/assets/images/...')
#3 /opt/lampp/htdocs/wordpress/wp-content/plugins/user-registration/includes/admin/class-ur-admin-settings.php(320): include('/opt/lampp/htdo...')
#4 /opt/lampp/htdocs/wordpress/wp-content/plugins/user-registration/includes/admin/class-ur-admin-menus.php(765): UR_Admin_Settings::output()
#5 /opt/lampp/htdocs/wordpress/wp-includes/class-wp-hook.php(324): UR_Admin_Menus->settings_page('')
#6 /opt/lampp/htdocs/wordpress/wp-includes/class-wp-hook.php(348): WP_Hook->apply_filters('', Array)
#7 /opt/lampp/htdocs/wordpress/wp-includes/plugin.php(517): WP_Hook->do_action(Array)
#8 /opt/lampp/htdocs/wordpress/wp-admin/admin.php(260): do_action('user-registrati...')
#9 {main}
  thrown in /opt/lampp/htdocs/wordpress/wp-admin/includes/class-wp-filesystem-ftpext.php on line 438

2025-08-06T15:55:32+00:00 CRITICAL Uncaught TypeError: ftp_nlist(): Argument #1 ($ftp) must be of type FTP\Connection, null given in /opt/lampp/htdocs/wordpress/wp-admin/includes/class-wp-filesystem-ftpext.php:438
Stack trace:
#0 /opt/lampp/htdocs/wordpress/wp-admin/includes/class-wp-filesystem-ftpext.php(438): ftp_nlist(NULL, '/opt/lampp/htdo...')
#1 /opt/lampp/htdocs/wordpress/wp-content/plugins/user-registration/includes/functions-ur-core.php(3495): WP_Filesystem_FTPext->exists('/opt/lampp/htdo...')
#2 /opt/lampp/htdocs/wordpress/wp-content/plugins/user-registration/includes/admin/views/html-admin-settings.php(61): ur_file_get_contents('/assets/images/...')
#3 /opt/lampp/htdocs/wordpress/wp-content/plugins/user-registration/includes/admin/class-ur-admin-settings.php(320): include('/opt/lampp/htdo...')
#4 /opt/lampp/htdocs/wordpress/wp-content/plugins/user-registration/includes/admin/class-ur-admin-menus.php(765): UR_Admin_Settings::output()
#5 /opt/lampp/htdocs/wordpress/wp-includes/class-wp-hook.php(324): UR_Admin_Menus->settings_page('')
#6 /opt/lampp/htdocs/wordpress/wp-includes/class-wp-hook.php(348): WP_Hook->apply_filters('', Array)
#7 /opt/lampp/htdocs/wordpress/wp-includes/plugin.php(517): WP_Hook->do_action(Array)
#8 /opt/lampp/htdocs/wordpress/wp-admin/admin.php(260): do_action('user-registrati...')
#9 {main}
  thrown in /opt/lampp/htdocs/wordpress/wp-admin/includes/class-wp-filesystem-ftpext.php on line 438

